111
7394 10
56217 81654 57011 45194 95832 98554 87449 18300 44619 15914 
626 10
46041 58421 18408 49881 85702 37101 94298 56379 60277 25467 
2437 10
25095 36578 74328 87201 39800 14546 75084 15676 57738 24530 
1016 10
31468 96662 437 42278 4268 3811 98259 82435 38177 88210 
6993 10
33515 53 52974 26720 81627 69164 93421 2980 48603 16950 
1573 10
82601 73476 44788 60936 37730 54410 93175 24632 73636 95564 
4444 10
61294 47703 98850 75478 25569 22022 45225 49509 87811 32882 
813 11
3780 24136 18689 76537 40902 29194 87626 85509 1143 11997 32256 
2466 12
91345 67175 47254 76078 41722 2613 93459 88048 19116 35727 59639 13701 
8527 11
1885 23018 31812 97439 60051 76033 65955 9524 16151 94401 19148 
3832 10
87407 61208 17609 26449 2762 53771 95860 80438 16635 35265 
3079 10
4345 63263 26527 32433 90319 62528 87578 75515 6397 843 
8378 12
82122 23823 20228 84298 58266 58463 61724 32958 34613 98544 11021 16590 
1819 11
14562 86779 73741 13090 90053 88993 7663 91420 58930 13396 62158 
9935 10
22836 87372 66251 1122 69125 24775 95122 90786 19425 4387 
8725 10
79366 52394 35704 49926 42803 36557 87907 50213 72158 54581 
7151 10
41231 56613 10556 21172 38851 86023 17264 75861 31687 61179 
292 10
40035 23671 87532 68442 7376 97706 90971 53449 33538 96318 
6473 10
61905 66212 30685 94134 30439 24494 38145 21482 712 51189 
6316 13
93730 87684 78012 7698 49234 51290 35543 95115 66138 65562 45745 80217 92291 
1508 10
42613 84090 95112 91455 8568 96432 24102 19426 47208 19562 
8052 10
36360 83116 97062 59355 19030 3217 65195 74660 99866 81519 
767 12
30861 5121 40430 73805 33740 8863 30450 80862 90546 38823 33923 10948 
6661 10
46249 67718 1820 62917 37975 86958 79387 17522 56416 37238 
1231 10
50913 95083 46637 62763 90934 93993 69045 84602 67879 24078 
9188 10
24967 89639 62816 6180 68249 15639 97307 39482 34212 31659 
5041 10
77644 89798 76255 6344 82098 76299 33533 95216 40694 44984 
8402 10
88739 99734 54632 99951 55298 79383 89322 21096 77403 56229 
6761 10
66461 53101 36413 51623 41537 45826 28765 66015 59530 28729 
3100 11
39681 87994 89109 24447 13218 25071 37987 5805 21658 94500 10106 
5549 10
84979 70503 33727 64664 55683 58699 99555 18510 38254 41130 
3897 10
62045 82385 59191 91493 91672 47318 54849 72566 69117 95176 
571 12
96106 89592 19435 20225 57458 86139 78054 79996 34855 48390 16583 53022 
1757 10
83612 58879 67728 11575 3810 86288 48197 14381 86689 88265 
1849 10
72423 77871 87993 79646 94813 7500 58511 96216 99694 26122 
4784 14
16501 35026 54047 70228 36121 76831 58761 88986 32891 85920 2787 43219 80003 1236 
6463 9
34829 26437 6796 62019 35200 72385 69851 12917 73533 
9527 12
70519 5466 18679 21965 2838 22145 30708 62771 20917 34459 76762 99051 
4916 11
9641 46083 57310 48165 74634 19583 59950 7868 98253 61794 25543 
4226 13
50779 95204 45256 17093 11735 90353 2834 13710 62343 25358 30595 86653 56731 
6959 10
17021 99623 10551 94854 15291 38982 80912 8805 69000 94465 
5308 11
37083 64608 14001 71060 79372 31925 85725 26162 96532 44135 82452 
8238 10
35131 6401 27388 14061 85071 55207 73088 40493 42074 86382 
8135 12
91573 87098 75471 29967 48135 44690 37649 31082 93777 99499 67391 72541 
2367 10
56880 60097 65115 68771 62545 85684 96297 81942 2335 911 
7866 12
7718 83344 45318 54524 79481 89434 86664 31592 37216 24343 42094 782 
5234 14
68174 31656 96560 5436 55379 24869 83298 6969 27545 62581 14468 22560 30587 96023 
8213 11
81148 69127 26849 29363 41244 23557 64817 11223 293 71608 36249 
7323 13
16117 94419 83392 45276 93644 58251 91605 52943 34748 12926 38839 86618 47457 
5582 10
22810 58726 76124 62665 40151 3960 99170 43071 19790 46074 
3780 11
23965 87183 50908 99673 54514 72790 39895 25832 24280 10780 71 
9379 10
35578 14603 81871 62583 87830 38219 19949 12990 37554 45402 
8463 11
28102 6843 27624 12765 85826 5600 81485 97791 98328 48924 28120 
7764 14
86056 30437 87571 99370 81965 49038 49000 83617 22021 49533 32902 63192 49066 57853 
3516 10
53372 49344 27989 6103 46928 9395 9978 25810 69880 69463 
4943 10
87883 69710 63712 22344 25236 82716 43417 12584 38013 50755 
9644 12
5130 91663 44636 13655 45307 73503 16013 50605 12269 92553 22785 90527 
433 10
1166 12265 54623 50022 14492 67389 67190 10289 77698 74877 
1904 10
12357 46917 14044 73649 54890 27821 13505 52719 27383 13558 
1792 11
82381 17425 36371 69090 47471 65547 38582 79919 58344 77864 36382 
9703 11
95628 35915 24399 23476 42533 12110 67841 45649 13060 90235 98926 
1796 10
41119 1442 1215 17528 1510 28708 44846 24706 45384 63547 
6170 12
41313 24139 89924 90441 85423 58243 87561 84818 29098 81562 42708 24112 
8753 12
23287 19626 81449 77601 92585 89541 55031 78519 48862 70763 63736 4624 
6469 10
55133 46570 72109 82343 34473 28028 70746 96868 33072 44004 
4064 8
71986 48615 30039 5214 23318 49625 54395 23560 
5588 12
23922 36425 59753 60557 53411 47083 14873 4681 98776 90730 12037 18561 
740 9
18399 81776 62447 67741 62087 38908 51223 52472 58208 
995 10
95611 71309 20318 61478 89254 40938 26812 40241 91045 73844 
9928 12
28692 41896 52582 62047 69038 9916 98796 45226 72437 30336 2954 6484 
7433 10
69154 64217 85552 16188 6511 24707 39656 87996 77170 47588 
961 10
70043 82592 38257 9304 99590 34996 33658 40392 43419 38307 
1124 11
27955 14840 54796 58333 43942 34924 6475 28968 22749 30731 77114 
4627 10
44423 24111 79127 38601 9367 24657 68943 43516 91070 56179 
3287 11
29533 56994 56029 42747 36123 53392 26785 15295 35276 82783 64068 
1271 10
58716 23550 23113 37721 91230 13665 73484 39846 35685 28773 
8413 12
36941 73772 41777 8651 70903 8332 9027 55634 21580 34957 29476 67490 
4693 11
80232 46654 50334 90055 59023 69526 67614 72201 30198 2528 86751 
7797 11
50531 47329 88782 27903 58301 63518 80164 71402 79292 68117 12064 
9485 9
38909 19675 20997 87186 64075 34768 77376 16026 53390 
2351 11
24688 35763 4079 1492 3236 95745 59611 5280 66216 51686 19709 
7556 12
32630 88297 78393 25390 94494 64864 20587 28347 12878 48201 78319 44459 
7303 10
20831 32300 2200 29048 71027 67192 71727 41755 13025 94568 
5902 10
45185 78206 72382 94010 71697 57713 46308 13882 80440 66572 
5797 10
60795 18333 74733 18015 17401 31583 58687 74096 3279 95621 
4500 11
97920 60643 20771 89459 16128 44385 72662 25822 29223 24650 58554 
3717 10
47402 80541 96697 31884 97535 66609 24056 4518 48421 8590 
7476 11
93691 1922 98720 79334 32059 46009 6462 24205 92239 48867 31181 
1861 11
99241 4304 58489 83577 16674 88773 41096 62512 56532 82072 36478 
9518 10
1228 949 46602 95052 68251 3630 55467 78987 64603 87891 
5061 13
74507 93835 1253 58771 28379 68725 44377 30345 46841 62839 24465 30186 44936 
1994 10
10633 44962 29187 67929 7841 85211 44909 71554 7580 99660 
1240 9
80148 63066 4032 88664 26118 4955 40191 10329 31344 
9008 12
40164 10814 58925 48686 80156 20433 34087 85776 73789 84878 21294 44340 
2062 13
87846 95794 22705 98370 63768 96885 94222 16718 67521 36758 86551 77810 24338 
5906 10
55762 61709 19258 20740 87194 83592 64338 93304 67448 64819 
1256 10
65224 23780 85525 25386 97753 22537 32809 40064 4274 67036 
6424 12
13228 78414 77740 69397 79158 34941 59337 85020 95899 81478 81689 30924 
2624 11
56868 75803 82652 18658 43112 49035 29384 25284 24420 60927 20516 
6800 10
12400 63815 83103 41628 83089 88125 34778 62814 1443 82153 
4299 10
10226 92513 14439 13760 99814 3611 64463 75959 79771 76236 
2026 12
63956 486 99307 32615 18132 96000 55041 10744 75866 69008 65398 42470 
2933 9
7720 73492 48831 74500 51994 37321 99932 88362 22198 
9325 10
57864 59020 48925 71920 76288 83968 79824 27150 40380 64586 
4602 9
34127 22144 98480 8244 40654 25664 21588 86457 50556 
2025 10
41209 83137 68311 29443 78314 95303 14911 88363 67110 37227 
4948 11
90646 95243 48023 80747 39354 45939 64303 91248 10867 96161 51777 
1643 11
5375 90891 60183 28340 19854 59668 27493 54202 3013 75457 15825 
5562 11
93436 5013 38106 18989 96412 1697 50954 85205 33227 18261 60303 
8715 10
88316 92398 16746 48680 99282 35523 49514 56455 37207 6515 
725 10
85447 57134 94995 52832 53946 99625 26194 21105 24213 70871 
