22
841 3
18412 53547 97336 
144 2
86252 2159 
13 2
35977 27540 
198 4
72862 67461 85926 43277 
682 7
64141 71748 37421 99911 2095 36725 62803 
70 7
51218 64693 12609 69450 39147 59038 46955 
44 8
27027 12732 48493 7177 11301 6481 19798 67337 
856 16
10159 48369 35138 76147 57723 45789 11792 9664 62884 20892 44849 28413 24378 28726 18910 93699 
953 132
86468 54381 22998 64309 87990 99245 37401 68930 44169 5345 61934 6816 2835 40684 39844 47763 34259 42258 19674 23978 69220 96368 73488 63090 18656 31563 58885 35763 45149 11915 73091 21050 66480 30470 2364 52667 4486 13803 92795 14581 82836 25168 49457 30641 97731 8302 69361 28456 20544 90782 57759 4831 92494 37912 45459 57695 34968 10694 90962 385 10151 25714 7592 27931 21242 20055 14811 88920 50054 5154 79315 55296 25054 64009 82756 65394 84957 52847 34158 52828 75613 88093 9561 35396 10553 42512 27008 21626 15351 66697 65432 42845 23040 38188 30728 36287 89107 62311 93734 63740 78954 47495 85748 35443 87396 23067 30399 62663 36325 59338 67809 76351 3947 12168 52020 97533 88734 45648 87779 44125 88933 51695 2203 57388 63758 57750 82731 66570 29360 25827 35645 545 
698 122
46731 25932 38435 44891 91137 42772 82310 15670 25074 36001 75694 95860 32213 26183 82225 73256 51157 22419 45409 80790 50399 32288 52325 98430 44990 92136 17443 12355 11873 8911 38467 488 81993 81915 17390 32247 65868 91960 10236 82484 16545 19155 58970 68546 22034 58248 58137 8593 78392 24463 92850 46324 31429 82903 97406 81768 30704 44146 93664 62446 78499 65967 55797 36455 77255 29291 58733 7291 44667 65959 18742 12328 54171 38969 25759 80237 81400 32546 6030 23471 69118 90898 96505 60610 4704 10073 58606 52382 97962 59321 73427 73777 92831 98649 34683 73612 86322 68195 9007 46453 36357 92148 14069 60217 4386 16617 18361 64878 63218 30171 58572 91565 63179 61813 81263 63940 53581 89845 10349 46041 21368 12988 
458 112
13213 46488 72076 15413 89720 22081 49260 14686 76660 47224 55517 38932 15475 39667 21401 74840 11135 17962 76651 36659 89545 98819 38976 41024 65429 83157 42043 8209 73313 10015 21612 4479 62510 45301 92090 54254 99731 22069 55940 58325 17578 9389 73643 62917 42118 89637 17406 39681 84867 23614 26514 71458 80069 65338 62727 88516 30205 26606 84055 90270 67677 54357 20617 82356 70511 75915 76086 23625 50001 10323 89232 67308 28937 87275 49533 40621 20548 54672 72492 55177 95975 96305 9803 28843 75759 9526 45874 95591 84133 8867 13064 90883 36996 66888 48578 7465 52190 84402 8719 79651 75223 65741 16943 31281 64030 20535 24330 70128 96747 38404 43988 25910 
414 102
68289 41203 5886 53423 14801 67960 19250 4292 12935 36383 37280 84192 58220 46884 55399 47108 32900 50641 84507 10418 67142 96099 27293 10060 49435 88281 95045 26246 67533 76916 77058 8220 39155 66333 54090 59209 89783 95532 69848 5093 53342 21884 1991 4807 23083 89276 39513 45558 5127 32814 1520 69961 52937 92080 72407 81113 30730 27817 49247 20135 94901 86862 84700 76073 27762 60596 97957 46016 63568 85591 30117 14990 24522 80711 44290 26354 64615 90232 35455 21144 85213 88289 33409 71799 22082 73775 19243 95301 16090 95108 33511 88221 46063 7473 52168 87442 56993 67184 45080 8909 99071 56094 
418 92
61535 1312 85750 6525 34048 16061 20931 77584 34333 57211 27702 24521 65715 9152 6889 87646 51441 73406 66261 70701 91484 65842 7628 37463 45455 44282 18843 68741 64011 2353 6571 86212 79811 92000 78445 97084 8355 86293 83079 31993 24924 9615 72173 39417 9123 3727 4612 55576 69861 26493 66447 85782 585 96372 19890 35790 52938 52385 10779 60063 88314 74821 91854 72525 87085 8271 35960 96740 53497 58168 36573 25475 52488 48283 45925 30929 46384 54803 34979 89350 10199 63631 37516 31890 55695 1165 19149 98287 22680 3824 61048 13686 
277 82
40831 94111 87302 46804 36350 17918 99719 75418 95369 88413 45848 3399 66315 23110 73692 66449 45122 79373 10442 98159 92827 52163 12375 89187 76894 12990 4606 32769 59458 52737 64267 12361 49522 19719 95264 63884 80848 68745 45469 8520 72114 9104 36250 14515 78087 25960 88121 411 61129 263 11354 8879 5720 80321 16191 38760 25274 23910 61001 55014 32165 50772 61788 76990 48336 40157 80794 62820 18036 66727 61355 58422 9324 16915 20616 85012 71404 7569 3382 58558 23453 84782 
745 73
19231 52298 84929 10417 77493 91544 26748 39746 2865 10051 93331 49611 91805 21618 34155 40052 526 56686 59738 93668 95069 29023 11944 72400 33232 6286 80209 47179 78523 80523 30997 74777 81306 89193 81173 42290 62873 56485 80391 87284 93091 6519 33489 90302 63300 68831 69873 38370 7502 358 34558 73086 11549 20533 32278 40652 46967 3144 59933 20988 75387 67064 5216 32949 56101 55644 73186 83952 24763 10562 62692 60904 58608 
73 65
26781 53745 18980 20927 9885 26670 64058 70870 92834 18539 31200 8545 50301 82778 82696 5900 58282 62254 78073 21696 6957 19935 74428 42304 66788 87489 75158 51690 24321 68630 14121 74892 7137 93204 1697 33954 23246 20529 7293 31889 47163 13224 7655 62625 76361 27268 57009 89716 58713 55144 47169 83883 9257 76499 75913 72696 83902 56206 16897 76798 85607 72417 14556 17546 60461 
942 55
56641 27527 23263 28184 74832 47238 52954 66088 19777 30039 70152 47443 1427 16296 63267 24523 93191 95127 44320 71968 65691 92767 35591 52313 28982 97866 53203 91490 37169 32875 48856 91802 19925 12508 64629 74419 94295 87253 56858 88457 63189 31713 36931 2483 83040 43647 72587 38597 60269 7085 44300 44691 91073 67497 705 
42 46
73484 68937 59058 69768 11049 42718 96843 70981 21547 42919 44887 14778 90809 78464 19293 56305 60329 52434 92893 59076 80423 36941 64088 13383 11828 1634 9857 6906 53152 78439 37798 73494 99353 49480 82996 11418 76057 76062 58405 11752 91838 22337 85595 86078 73497 68321 
206 36
82876 68923 41731 81238 2594 10384 71469 44286 247 48861 19731 70251 53347 22557 36719 46133 15400 85474 56481 43068 41617 32490 52413 66515 5947 5220 14896 24088 27552 2964 56562 69845 4655 77712 28358 75295 
719 26
75804 9149 55874 25740 59797 60836 13470 80514 39968 84290 77436 17632 48600 98445 34682 27198 29333 21798 85464 51093 43501 55197 82848 80044 11415 35046 
641 16
47562 39551 37409 33191 4326 98251 34397 61927 40234 31074 20195 45427 90919 31234 87368 19247 
997 6
54194 77376 12349 71930 87014 69206 
